[2021-08-06 15:17:01 INFO]: install::setup-logging ended
================
[2021-08-06 15:17:01 INFO]: install::start-up started
[2021-08-06 15:17:01 INFO]: install::decompress started
[2021-08-06 15:17:01 INFO]: install::decompress data_dump.tar.gz already decompressed
[2021-08-06 15:17:01 INFO]: install::decompress ended
================
[2021-08-06 15:17:01 INFO]: install::decompress starting services
[2021-08-06 15:17:01 INFO]: install::decompress ended
================
[2021-08-06 16:25:59 INFO]: install::root-check started
[2021-08-06 16:25:59 INFO]: install::root-check ended
================
[2021-08-06 16:25:59 INFO]: install::docker-check started
[2021-08-06 16:25:59 INFO]: install::docker-check ended
================
[2021-08-06 16:25:59 INFO]: install::docker-compose-check started
[2021-08-06 16:25:59 INFO]: install::docker-compose-check ended
================
[2021-08-06 16:25:59 INFO]: install::tear-down started
[2021-08-06 16:25:59 INFO]: install::compress started
[2021-08-06 16:25:59 INFO]: install::compress changing directory to db
[2021-08-06 16:25:59 INFO]: install::compress compressing db/data_dump 
[2021-08-06 16:25:59 INFO]: install::compress removing data_dump 
[2021-08-06 16:25:59 INFO]: install::compress changing directory back
[2021-08-06 16:25:59 INFO]: install::compress ended
================
[2021-08-06 16:25:59 INFO]: install::compress starting services
[2021-08-06 16:25:59 INFO]: install::compress ended
================
